<?xml version="1.0" encoding="UTF-8"?>
<!-- Generated by org.testng.reporters.JUnitReportReporter -->
<testsuite hostname="LAPTOP-AQPIHUQ7" name="com.selenium.project.MavenProject" tests="1" failures="0" timestamp="17 Dec 2017 09:25:42 GMT" time="0.010" errors="0">
  <testcase name="testhello" time="0.010" classname="com.selenium.project.MavenProject"/>
</testsuite> <!-- com.selenium.project.MavenProject -->
